[debug] [2024-02-08T18:24:13.467Z] ----------------------------------------------------------------------
[debug] [2024-02-08T18:24:13.468Z] Command:       /opt/homebrew/Cellar/node/21.6.1/bin/node /opt/homebrew/bin/firebase init
[debug] [2024-02-08T18:24:13.469Z] CLI Version:   13.2.1
[debug] [2024-02-08T18:24:13.469Z] Platform:      darwin
[debug] [2024-02-08T18:24:13.469Z] Node Version:  v21.6.1
[debug] [2024-02-08T18:24:13.469Z] Time:          Thu Feb 08 2024 23:54:13 GMT+0530 (India Standard Time)
[debug] [2024-02-08T18:24:13.469Z] ----------------------------------------------------------------------
[debug] 
[debug] [2024-02-08T18:24:13.471Z] > command requires scopes: ["email","openid","https://www.googleapis.com/auth/cloudplatformprojects.readonly","https://www.googleapis.com/auth/firebase","https://www.googleapis.com/auth/cloud-platform"]
[debug] [2024-02-08T18:24:13.472Z] > authorizing via signed-in user (charandeepkapoor3@gmail.com)
[info] 
     ######## #### ########  ######## ########     ###     ######  ########
     ##        ##  ##     ## ##       ##     ##  ##   ##  ##       ##
     ######    ##  ########  ######   ########  #########  ######  ######
     ##        ##  ##    ##  ##       ##     ## ##     ##       ## ##
     ##       #### ##     ## ######## ########  ##     ##  ######  ########

You're about to initialize a Firebase project in this directory:

  /Users/ck/Documents/GitHub/lll

[info] 
=== Project Setup
[info] 
[info] First, let's associate this project directory with a Firebase project.
[info] You can create multiple project aliases by running firebase use --add, 
[info] but for now we'll just set up a default project.
[info] 
[info] i  If you want to create a project in a Google Cloud organization or folder, please use "firebase projects:create" instead, and return to this command when you've created the project. 
[debug] [2024-02-08T18:24:29.285Z] >>> [apiv2][query] POST https://cloudresourcemanager.googleapis.com/v1/projects [none]
[debug] [2024-02-08T18:24:29.286Z] >>> [apiv2][body] POST https://cloudresourcemanager.googleapis.com/v1/projects {"projectId":"ll","name":"lll"}
[debug] [2024-02-08T18:24:30.648Z] <<< [apiv2][status] POST https://cloudresourcemanager.googleapis.com/v1/projects 400
[debug] [2024-02-08T18:24:30.648Z] <<< [apiv2][body] POST https://cloudresourcemanager.googleapis.com/v1/projects {"error":{"code":400,"message":"Request contains an invalid argument.","status":"INVALID_ARGUMENT","details":[{"@type":"type.googleapis.com/google.rpc.BadRequest","fieldViolations":[{"field":"project_id","description":"project_id must be at least 6 characters long"},{"field":"display_name","description":"project display name must be at least 4 characters"}]},{"@type":"type.googleapis.com/google.rpc.Help","links":[{"url":"https://cloud.google.com/resource-manager/reference/rest/v1/projects"}]}]}}
[debug] [2024-02-08T18:24:30.871Z] FirebaseError: HTTP Error: 400, Request contains an invalid argument.
    at responseToError (/opt/homebrew/lib/node_modules/firebase-tools/lib/responseToError.js:49:12)
    at RetryOperation._fn (/opt/homebrew/lib/node_modules/firebase-tools/lib/apiv2.js:292:77)
    at process.processTicksAndRejections (node:internal/process/task_queues:95:5)
[error] 
[error] Error: Failed to create project. See firebase-debug.log for more info.
[debug] [2024-02-08T18:26:18.218Z] ----------------------------------------------------------------------
[debug] [2024-02-08T18:26:18.223Z] Command:       /opt/homebrew/Cellar/node/21.6.1/bin/node /opt/homebrew/bin/firebase init
[debug] [2024-02-08T18:26:18.223Z] CLI Version:   13.2.1
[debug] [2024-02-08T18:26:18.223Z] Platform:      darwin
[debug] [2024-02-08T18:26:18.223Z] Node Version:  v21.6.1
[debug] [2024-02-08T18:26:18.223Z] Time:          Thu Feb 08 2024 23:56:18 GMT+0530 (India Standard Time)
[debug] [2024-02-08T18:26:18.223Z] ----------------------------------------------------------------------
[debug] 
[debug] [2024-02-08T18:26:18.226Z] > command requires scopes: ["email","openid","https://www.googleapis.com/auth/cloudplatformprojects.readonly","https://www.googleapis.com/auth/firebase","https://www.googleapis.com/auth/cloud-platform"]
[debug] [2024-02-08T18:26:18.226Z] > authorizing via signed-in user (charandeepkapoor3@gmail.com)
[info] 
     ######## #### ########  ######## ########     ###     ######  ########
     ##        ##  ##     ## ##       ##     ##  ##   ##  ##       ##
     ######    ##  ########  ######   ########  #########  ######  ######
     ##        ##  ##    ##  ##       ##     ## ##     ##       ## ##
     ##       #### ##     ## ######## ########  ##     ##  ######  ########

You're about to initialize a Firebase project in this directory:

  /Users/ck/Documents/GitHub/lll

[info] 
=== Project Setup
[info] 
[info] First, let's associate this project directory with a Firebase project.
[info] You can create multiple project aliases by running firebase use --add, 
[info] but for now we'll just set up a default project.
[info] 
[info] i  If you want to create a project in a Google Cloud organization or folder, please use "firebase projects:create" instead, and return to this command when you've created the project. 
[debug] [2024-02-08T18:26:40.643Z] >>> [apiv2][query] POST https://cloudresourcemanager.googleapis.com/v1/projects [none]
[debug] [2024-02-08T18:26:40.643Z] >>> [apiv2][body] POST https://cloudresourcemanager.googleapis.com/v1/projects {"projectId":"firsttest","name":"testcall"}
[debug] [2024-02-08T18:26:42.173Z] <<< [apiv2][status] POST https://cloudresourcemanager.googleapis.com/v1/projects 409
[debug] [2024-02-08T18:26:42.173Z] <<< [apiv2][body] POST https://cloudresourcemanager.googleapis.com/v1/projects {"error":{"code":409,"message":"Requested entity already exists","status":"ALREADY_EXISTS"}}
[debug] [2024-02-08T18:26:42.340Z] FirebaseError: HTTP Error: 409, Requested entity already exists
    at responseToError (/opt/homebrew/lib/node_modules/firebase-tools/lib/responseToError.js:49:12)
    at RetryOperation._fn (/opt/homebrew/lib/node_modules/firebase-tools/lib/apiv2.js:292:77)
    at process.processTicksAndRejections (node:internal/process/task_queues:95:5)
[error] 
[error] Error: Failed to create project because there is already a project with ID firsttest. Please try again with a unique project ID.
[debug] [2024-02-08T18:26:50.673Z] ----------------------------------------------------------------------
[debug] [2024-02-08T18:26:50.674Z] Command:       /opt/homebrew/Cellar/node/21.6.1/bin/node /opt/homebrew/bin/firebase init
[debug] [2024-02-08T18:26:50.675Z] CLI Version:   13.2.1
[debug] [2024-02-08T18:26:50.675Z] Platform:      darwin
[debug] [2024-02-08T18:26:50.675Z] Node Version:  v21.6.1
[debug] [2024-02-08T18:26:50.675Z] Time:          Thu Feb 08 2024 23:56:50 GMT+0530 (India Standard Time)
[debug] [2024-02-08T18:26:50.675Z] ----------------------------------------------------------------------
[debug] 
[debug] [2024-02-08T18:26:50.677Z] > command requires scopes: ["email","openid","https://www.googleapis.com/auth/cloudplatformprojects.readonly","https://www.googleapis.com/auth/firebase","https://www.googleapis.com/auth/cloud-platform"]
[debug] [2024-02-08T18:26:50.678Z] > authorizing via signed-in user (charandeepkapoor3@gmail.com)
[info] 
     ######## #### ########  ######## ########     ###     ######  ########
     ##        ##  ##     ## ##       ##     ##  ##   ##  ##       ##
     ######    ##  ########  ######   ########  #########  ######  ######
     ##        ##  ##    ##  ##       ##     ## ##     ##       ## ##
     ##       #### ##     ## ######## ########  ##     ##  ######  ########

You're about to initialize a Firebase project in this directory:

  /Users/ck/Documents/GitHub/lll

[info] 
=== Project Setup
[info] 
[info] First, let's associate this project directory with a Firebase project.
[info] You can create multiple project aliases by running firebase use --add, 
[info] but for now we'll just set up a default project.
[info] 
[info] i  If you want to create a project in a Google Cloud organization or folder, please use "firebase projects:create" instead, and return to this command when you've created the project. 
[debug] [2024-02-08T18:27:11.434Z] >>> [apiv2][query] POST https://cloudresourcemanager.googleapis.com/v1/projects [none]
[debug] [2024-02-08T18:27:11.435Z] >>> [apiv2][body] POST https://cloudresourcemanager.googleapis.com/v1/projects {"projectId":"llltest1","name":"lllid"}
[debug] [2024-02-08T18:27:13.421Z] <<< [apiv2][status] POST https://cloudresourcemanager.googleapis.com/v1/projects 200
[debug] [2024-02-08T18:27:13.421Z] <<< [apiv2][body] POST https://cloudresourcemanager.googleapis.com/v1/projects {"name":"operations/cp.7630553605622621061"}
[debug] [2024-02-08T18:27:13.422Z] >>> [apiv2][query] GET https://cloudresourcemanager.googleapis.com/v1/operations/cp.7630553605622621061 [none]
[debug] [2024-02-08T18:27:15.028Z] <<< [apiv2][status] GET https://cloudresourcemanager.googleapis.com/v1/operations/cp.7630553605622621061 200
[debug] [2024-02-08T18:27:15.028Z] <<< [apiv2][body] GET https://cloudresourcemanager.googleapis.com/v1/operations/cp.7630553605622621061 {"name":"operations/cp.7630553605622621061"}
[debug] [2024-02-08T18:27:15.531Z] [Project Creation Poller] Retrying task index 0
[debug] [2024-02-08T18:27:15.532Z] >>> [apiv2][query] GET https://cloudresourcemanager.googleapis.com/v1/operations/cp.7630553605622621061 [none]
[debug] [2024-02-08T18:27:16.072Z] <<< [apiv2][status] GET https://cloudresourcemanager.googleapis.com/v1/operations/cp.7630553605622621061 200
[debug] [2024-02-08T18:27:16.072Z] <<< [apiv2][body] GET https://cloudresourcemanager.googleapis.com/v1/operations/cp.7630553605622621061 {"name":"operations/cp.7630553605622621061","metadata":{"@type":"type.googleapis.com/google.cloudresourcemanager.v1.ProjectCreationStatus","gettable":true}}
[debug] [2024-02-08T18:27:17.074Z] [Project Creation Poller] Retrying task index 0
[debug] [2024-02-08T18:27:17.074Z] >>> [apiv2][query] GET https://cloudresourcemanager.googleapis.com/v1/operations/cp.7630553605622621061 [none]
[debug] [2024-02-08T18:27:17.680Z] <<< [apiv2][status] GET https://cloudresourcemanager.googleapis.com/v1/operations/cp.7630553605622621061 200
[debug] [2024-02-08T18:27:17.681Z] <<< [apiv2][body] GET https://cloudresourcemanager.googleapis.com/v1/operations/cp.7630553605622621061 {"name":"operations/cp.7630553605622621061","metadata":{"@type":"type.googleapis.com/google.cloudresourcemanager.v1.ProjectCreationStatus","gettable":true,"ready":true},"done":true,"response":{"@type":"type.googleapis.com/google.cloudresourcemanager.v1.Project","projectNumber":"414251348358","projectId":"llltest1","lifecycleState":"ACTIVE","name":"lllid","createTime":"2024-02-08T18:27:14.820Z"}}
[debug] [2024-02-08T18:27:17.683Z] >>> [apiv2][query] POST https://firebase.googleapis.com/v1beta1/projects/llltest1:addFirebase [none]
[debug] [2024-02-08T18:27:21.438Z] <<< [apiv2][status] POST https://firebase.googleapis.com/v1beta1/projects/llltest1:addFirebase 200
[debug] [2024-02-08T18:27:21.439Z] <<< [apiv2][body] POST https://firebase.googleapis.com/v1beta1/projects/llltest1:addFirebase {"name":"operations/workflows/ZTliNmU2NDItMzZiNC00NGQ4LWI3M2QtYWUwZTAzZjlkMzAx"}
[debug] [2024-02-08T18:27:21.439Z] >>> [apiv2][query] GET https://firebase.googleapis.com/v1beta1/operations/workflows/ZTliNmU2NDItMzZiNC00NGQ4LWI3M2QtYWUwZTAzZjlkMzAx [none]
[debug] [2024-02-08T18:27:22.606Z] <<< [apiv2][status] GET https://firebase.googleapis.com/v1beta1/operations/workflows/ZTliNmU2NDItMzZiNC00NGQ4LWI3M2QtYWUwZTAzZjlkMzAx 200
[debug] [2024-02-08T18:27:22.607Z] <<< [apiv2][body] GET https://firebase.googleapis.com/v1beta1/operations/workflows/ZTliNmU2NDItMzZiNC00NGQ4LWI3M2QtYWUwZTAzZjlkMzAx {"name":"operations/workflows/ZTliNmU2NDItMzZiNC00NGQ4LWI3M2QtYWUwZTAzZjlkMzAx"}
[debug] [2024-02-08T18:27:23.108Z] [Add Firebase Poller] Retrying task index 0
[debug] [2024-02-08T18:27:23.109Z] >>> [apiv2][query] GET https://firebase.googleapis.com/v1beta1/operations/workflows/ZTliNmU2NDItMzZiNC00NGQ4LWI3M2QtYWUwZTAzZjlkMzAx [none]
[debug] [2024-02-08T18:27:24.142Z] <<< [apiv2][status] GET https://firebase.googleapis.com/v1beta1/operations/workflows/ZTliNmU2NDItMzZiNC00NGQ4LWI3M2QtYWUwZTAzZjlkMzAx 200
[debug] [2024-02-08T18:27:24.142Z] <<< [apiv2][body] GET https://firebase.googleapis.com/v1beta1/operations/workflows/ZTliNmU2NDItMzZiNC00NGQ4LWI3M2QtYWUwZTAzZjlkMzAx {"name":"operations/workflows/ZTliNmU2NDItMzZiNC00NGQ4LWI3M2QtYWUwZTAzZjlkMzAx"}
[debug] [2024-02-08T18:27:25.142Z] [Add Firebase Poller] Retrying task index 0
[debug] [2024-02-08T18:27:25.143Z] >>> [apiv2][query] GET https://firebase.googleapis.com/v1beta1/operations/workflows/ZTliNmU2NDItMzZiNC00NGQ4LWI3M2QtYWUwZTAzZjlkMzAx [none]
[debug] [2024-02-08T18:27:26.267Z] <<< [apiv2][status] GET https://firebase.googleapis.com/v1beta1/operations/workflows/ZTliNmU2NDItMzZiNC00NGQ4LWI3M2QtYWUwZTAzZjlkMzAx 200
[debug] [2024-02-08T18:27:26.267Z] <<< [apiv2][body] GET https://firebase.googleapis.com/v1beta1/operations/workflows/ZTliNmU2NDItMzZiNC00NGQ4LWI3M2QtYWUwZTAzZjlkMzAx {"name":"operations/workflows/ZTliNmU2NDItMzZiNC00NGQ4LWI3M2QtYWUwZTAzZjlkMzAx"}
[debug] [2024-02-08T18:27:28.270Z] [Add Firebase Poller] Retrying task index 0
[debug] [2024-02-08T18:27:28.270Z] >>> [apiv2][query] GET https://firebase.googleapis.com/v1beta1/operations/workflows/ZTliNmU2NDItMzZiNC00NGQ4LWI3M2QtYWUwZTAzZjlkMzAx [none]
[debug] [2024-02-08T18:27:29.063Z] <<< [apiv2][status] GET https://firebase.googleapis.com/v1beta1/operations/workflows/ZTliNmU2NDItMzZiNC00NGQ4LWI3M2QtYWUwZTAzZjlkMzAx 200
[debug] [2024-02-08T18:27:29.063Z] <<< [apiv2][body] GET https://firebase.googleapis.com/v1beta1/operations/workflows/ZTliNmU2NDItMzZiNC00NGQ4LWI3M2QtYWUwZTAzZjlkMzAx {"name":"operations/workflows/ZTliNmU2NDItMzZiNC00NGQ4LWI3M2QtYWUwZTAzZjlkMzAx"}
[debug] [2024-02-08T18:27:33.065Z] [Add Firebase Poller] Retrying task index 0
[debug] [2024-02-08T18:27:33.066Z] >>> [apiv2][query] GET https://firebase.googleapis.com/v1beta1/operations/workflows/ZTliNmU2NDItMzZiNC00NGQ4LWI3M2QtYWUwZTAzZjlkMzAx [none]
[debug] [2024-02-08T18:27:34.152Z] <<< [apiv2][status] GET https://firebase.googleapis.com/v1beta1/operations/workflows/ZTliNmU2NDItMzZiNC00NGQ4LWI3M2QtYWUwZTAzZjlkMzAx 200
[debug] [2024-02-08T18:27:34.153Z] <<< [apiv2][body] GET https://firebase.googleapis.com/v1beta1/operations/workflows/ZTliNmU2NDItMzZiNC00NGQ4LWI3M2QtYWUwZTAzZjlkMzAx {"name":"operations/workflows/ZTliNmU2NDItMzZiNC00NGQ4LWI3M2QtYWUwZTAzZjlkMzAx","done":true,"response":{"@type":"type.googleapis.com/google.firebase.service.v1beta1.FirebaseProject","projectId":"llltest1","projectNumber":"414251348358","displayName":"lllid","name":"projects/llltest1","resources":{"hostingSite":"llltest1"}}}
[info] 
[info] 🎉🎉🎉 Your Firebase project is ready! 🎉🎉🎉
[info] 
[info] Project information:
[info]    - Project ID: llltest1
[info]    - Project Name: lllid
[info] 
[info] Firebase console is available at
[info] https://console.firebase.google.com/project/llltest1/overview
[info] i  Using project llltest1 (lllid) 
[info] 
=== Hosting Setup
[debug] [2024-02-08T18:27:34.162Z] >>> [apiv2][query] GET https://firebase.googleapis.com/v1beta1/projects/llltest1 [none]
[debug] [2024-02-08T18:27:35.293Z] <<< [apiv2][status] GET https://firebase.googleapis.com/v1beta1/projects/llltest1 200
[debug] [2024-02-08T18:27:35.294Z] <<< [apiv2][body] GET https://firebase.googleapis.com/v1beta1/projects/llltest1 {"projectId":"llltest1","projectNumber":"414251348358","displayName":"lllid","name":"projects/llltest1","resources":{"hostingSite":"llltest1"},"state":"ACTIVE","etag":"1_718fc592-1bc5-44a9-8a3d-b8bcb44e44ce"}
[info] 
[info] Your public directory is the folder (relative to your project directory) that
[info] will contain Hosting assets to be uploaded with firebase deploy. If you
[info] have a build process for your assets, use your build's output directory.
[info] 
[info] ✔  Wrote public/404.html 
[debug] [2024-02-08T18:28:04.793Z] >>> [apiv2][query] GET https://www.gstatic.com/firebasejs/releases.json [none]
[debug] [2024-02-08T18:28:04.969Z] <<< [apiv2][status] GET https://www.gstatic.com/firebasejs/releases.json 200
[debug] [2024-02-08T18:28:04.970Z] <<< [apiv2][body] GET https://www.gstatic.com/firebasejs/releases.json {"current":{"version":"10.8.0","browserURL":"https://www.gstatic.com/firebasejs/10.8.0/firebase.js","packageURL":"https://www.gstatic.com/firebasejs/10.8.0/firebase.tgz"},"live":{"version":"10.8","browserURL":"https://www.gstatic.com/firebasejs/live/10.8/firebase.js","packageURL":"https://www.gstatic.com/firebasejs/live/10.8/firebase.tgz"},"components":{"analytics":"https://www.gstatic.com/firebasejs/10.8.0/firebase-analytics.js","app":"https://www.gstatic.com/firebasejs/10.8.0/firebase-app.js","app-check":"https://www.gstatic.com/firebasejs/10.8.0/firebase-app-check.js","auth":"https://www.gstatic.com/firebasejs/10.8.0/firebase-auth.js","auth/cordova":"https://www.gstatic.com/firebasejs/10.8.0/firebase-auth/cordova.js","auth/web-extension":"https://www.gstatic.com/firebasejs/10.8.0/firebase-auth/web-extension.js","functions":"https://www.gstatic.com/firebasejs/10.8.0/firebase-functions.js","firestore":"https://www.gstatic.com/firebasejs/10.8.0/firebase-firestore.js","firestore/lite":"https://www.gstatic.com/firebasejs/10.8.0/firebase-firestore/lite.js","installations":"https://www.gstatic.com/firebasejs/10.8.0/firebase-installations.js","storage":"https://www.gstatic.com/firebasejs/10.8.0/firebase-storage.js","performance":"https://www.gstatic.com/firebasejs/10.8.0/firebase-performance.js","remote-config":"https://www.gstatic.com/firebasejs/10.8.0/firebase-remote-config.js","messaging":"https://www.gstatic.com/firebasejs/10.8.0/firebase-messaging.js","messaging/sw":"https://www.gstatic.com/firebasejs/10.8.0/firebase-messaging/sw.js","database":"https://www.gstatic.com/firebasejs/10.8.0/firebase-database.js","firestore.memory":"https://www.gstatic.com/firebasejs/10.8.0/firebase-firestore.memory.js"}}
[info] ✔  Wrote public/index.html 
[info] 
[info] i  Detected a .git folder at /Users/ck/Documents/GitHub/lll 
[info] i  Authorizing with GitHub to upload your service account to a GitHub repository's secrets store. 
[info] 
[info] Visit this URL on this device to log in:
[info] https://github.com/login/oauth/authorize?client_id=89cf50f02ac6aaed3484&state=227821346&redirect_uri=http%3A%2F%2Flocalhost%3A9005&scope=read%3Auser%20repo%20public_repo
[info] 
[info] Waiting for authentication...
[debug] [2024-02-08T18:28:09.811Z] >>> [apiv2][query] POST https://github.com/login/oauth/access_token [none]
[debug] [2024-02-08T18:28:09.812Z] >>> [apiv2][body] POST https://github.com/login/oauth/access_token [stream]
[debug] [2024-02-08T18:28:10.392Z] <<< [apiv2][status] POST https://github.com/login/oauth/access_token 200
[debug] [2024-02-08T18:28:10.393Z] <<< [apiv2][body] POST https://github.com/login/oauth/access_token {"access_token":"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","token_type":"bearer","scope":"read:user,repo"}
[debug] [2024-02-08T18:28:10.403Z] >>> [apiv2][query] GET https://api.github.com/user [none]
[debug] [2024-02-08T18:28:10.845Z] <<< [apiv2][status] GET https://api.github.com/user 200
[debug] [2024-02-08T18:28:10.845Z] <<< [apiv2][body] GET https://api.github.com/user {"login":"SirCharan","id":48174619,"node_id":"MDQ6VXNlcjQ4MTc0NjE5","avatar_url":"https://avatars.githubusercontent.com/u/48174619?v=4","gravatar_id":"","url":"https://api.github.com/users/SirCharan","html_url":"https://github.com/SirCharan","followers_url":"https://api.github.com/users/SirCharan/followers","following_url":"https://api.github.com/users/SirCharan/following{/other_user}","gists_url":"https://api.github.com/users/SirCharan/gists{/gist_id}","starred_url":"https://api.github.com/users/SirCharan/starred{/owner}{/repo}","subscriptions_url":"https://api.github.com/users/SirCharan/subscriptions","organizations_url":"https://api.github.com/users/SirCharan/orgs","repos_url":"https://api.github.com/users/SirCharan/repos","events_url":"https://api.github.com/users/SirCharan/events{/privacy}","received_events_url":"https://api.github.com/users/SirCharan/received_events","type":"User","site_admin":false,"name":"Charandeep Kapoor","company":null,"blog":"https://www.linkedin.com/in/charandeep-kapoor-b1b1a1179/","location":"IIT Kanpur","email":null,"hireable":null,"bio":"Move outta the spotlight cause its my time to shine!","twitter_username":null,"public_repos":25,"public_gists":1,"followers":1,"following":2,"created_at":"2019-03-03T09:17:59Z","updated_at":"2024-02-04T16:42:39Z","private_gists":1,"total_private_repos":3,"owned_private_repos":3,"disk_usage":50880,"collaborators":0,"two_factor_authentication":false,"plan":{"name":"free","space":976562499,"collaborators":0,"private_repos":10000}}
[info] 
[info] ✔  Success! Logged into GitHub as SirCharan 
[info] 
